<?xml version="1.0" encoding="UTF-8"?>
<!-- Generated by org.testng.reporters.JUnitXMLReporter -->
<testsuite ignored="0" hostname="LAPTOP-6J0MQ7T8" failures="1" tests="1" name="Test" time="2.252" errors="0" timestamp="2024-02-17T20:08:33 IST">
  <testcase classname="ui.testClass" name="TestOne" time="1.844">
    <failure type="java.lang.AssertionError" message="expected [ram] but found [chinmay]">
      <![CDATA[java.lang.AssertionError: expected [ram] but found [chinmay]
at ui.testClass.TestOne(testClass.java:14)
at java.base/java.util.ArrayList.forEach(ArrayList.java:1511)
... Removed 33 stack frames]]>
    </failure>
  </testcase> <!-- TestOne -->
</testsuite> <!-- Test -->
